\BOOKMARK [0][-]{chapter*.1}{\376\377\000V\000o\000o\000r\000w\000o\000o\000r\000d}{}% 1
\BOOKMARK [0][-]{chapter*.2}{\376\377\000S\000a\000m\000e\000n\000v\000a\000t\000t\000i\000n\000g}{}% 2
\BOOKMARK [0][-]{chapter*.2}{\376\377\000I\000n\000h\000o\000u\000d\000s\000t\000a\000f\000e\000l}{}% 3
\BOOKMARK [0][-]{chapter*.4}{\376\377\000L\000i\000j\000s\000t\000\040\000v\000a\000n\000\040\000a\000f\000b\000e\000e\000l\000d\000i\000n\000g\000e\000n}{}% 4
\BOOKMARK [0][-]{chapter*.5}{\376\377\000L\000i\000j\000s\000t\000\040\000v\000a\000n\000\040\000t\000a\000b\000e\000l\000l\000e\000n}{}% 5
\BOOKMARK [0][-]{chapter*.6}{\376\377\000L\000i\000j\000s\000t\000\040\000v\000a\000n\000\040\000c\000o\000d\000e}{}% 6
\BOOKMARK [0][-]{chapter*.7}{\376\377\000L\000i\000j\000s\000t\000\040\000v\000a\000n\000\040\000a\000f\000k\000o\000r\000t\000i\000n\000g\000e\000n\000\040\000e\000n\000\040\000s\000y\000m\000b\000o\000l\000e\000n}{}% 7
\BOOKMARK [0][-]{chapter*.8}{\376\377\000I\000n\000l\000e\000i\000d\000i\000n\000g}{}% 8
\BOOKMARK [0][-]{chapter*.9}{\376\377\0001\000\040\000H\000o\000o\000f\000d\000s\000t\000u\000k\000\040\0001}{}% 9
\BOOKMARK [1][-]{section.1.1}{\376\377\000S\000e\000c\000t\000i\000o\000n\000\040\0001}{chapter*.9}% 10
\BOOKMARK [2][-]{subsection.1.1.1}{\376\377\000S\000u\000b\000s\000e\000c\000t\000i\000o\000n\000\040\0001}{section.1.1}% 11
\BOOKMARK [0][-]{chapter*.13}{\376\377\0002\000\040\000H\000o\000o\000f\000d\000s\000t\000u\000k\000\040\0002}{}% 12
\BOOKMARK [1][-]{section.2.1}{\376\377\000A\000f\000b\000e\000e\000l\000d\000i\000n\000g}{chapter*.13}% 13
\BOOKMARK [1][-]{section.2.2}{\376\377\000F\000l\000o\000a\000t\000\040\000S\000p\000e\000c\000i\000f\000i\000e\000r\000s}{chapter*.13}% 14
\BOOKMARK [1][-]{section.2.3}{\376\377\000L\000i\000j\000s\000t}{chapter*.13}% 15
\BOOKMARK [2][-]{subsection.2.3.1}{\376\377\000U\000n\000o\000r\000d\000e\000r\000e\000d}{section.2.3}% 16
\BOOKMARK [2][-]{subsection.2.3.2}{\376\377\000O\000r\000d\000e\000r\000e\000d}{section.2.3}% 17
\BOOKMARK [1][-]{section.2.4}{\376\377\000T\000e\000x\000t}{chapter*.13}% 18
\BOOKMARK [1][-]{section.2.5}{\376\377\000A\000n\000d\000e\000r\000e}{chapter*.13}% 19
\BOOKMARK [2][-]{subsection.2.5.1}{\376\377\0003\000\040\000A\000f\000b\000e\000e\000l\000d\000i\000n\000g\000e\000n\000\040\000n\000a\000a\000s\000t\000\040\000e\000l\000k\000a\000a\000r}{section.2.5}% 20
\BOOKMARK [2][-]{subsection.2.5.2}{\376\377\000C\000i\000t\000i\000n\000g\000\040\000\046\000\040\000R\000e\000f\000e\000r\000e\000n\000c\000i\000n\000g}{section.2.5}% 21
\BOOKMARK [0][-]{chapter*.20}{\376\377\000L\000i\000t\000e\000r\000a\000t\000u\000u\000r\000l\000i\000j\000s\000t}{}% 22
\BOOKMARK [0][-]{chapter*.21}{\376\377\000B\000i\000j\000l\000a\000g\000e\000n}{}% 23
